mode: set
github.com/hugomatheus/go-api/cmd/server/main.go:16.13,18.16 2 0
github.com/hugomatheus/go-api/cmd/server/main.go:18.16,19.13 1 0
github.com/hugomatheus/go-api/cmd/server/main.go:21.2,22.16 2 0
github.com/hugomatheus/go-api/cmd/server/main.go:22.16,23.13 1 0
github.com/hugomatheus/go-api/cmd/server/main.go:25.2,38.33 11 0
github.com/hugomatheus/go-api/configs/config.go:21.47,30.16 8 0
github.com/hugomatheus/go-api/configs/config.go:30.16,31.13 1 0
github.com/hugomatheus/go-api/configs/config.go:33.2,34.16 2 0
github.com/hugomatheus/go-api/configs/config.go:34.16,35.13 1 0
github.com/hugomatheus/go-api/configs/config.go:37.2,38.18 2 0
github.com/hugomatheus/go-api/pkg/entity/id.go:7.17,9.2 1 0
github.com/hugomatheus/go-api/pkg/entity/id.go:11.37,14.2 2 0
github.com/hugomatheus/go-api/internal/infra/webserver/handlers/product_handlers.go:19.70,21.2 1 0
github.com/hugomatheus/go-api/internal/infra/webserver/handlers/product_handlers.go:23.80,26.16 3 0
github.com/hugomatheus/go-api/internal/infra/webserver/handlers/product_handlers.go:26.16,29.3 2 0
github.com/hugomatheus/go-api/internal/infra/webserver/handlers/product_handlers.go:30.2,31.16 2 0
github.com/hugomatheus/go-api/internal/infra/webserver/handlers/product_handlers.go:31.16,34.3 2 0
github.com/hugomatheus/go-api/internal/infra/webserver/handlers/product_handlers.go:36.2,37.16 2 0
github.com/hugomatheus/go-api/internal/infra/webserver/handlers/product_handlers.go:37.16,40.3 2 0
github.com/hugomatheus/go-api/internal/infra/webserver/handlers/product_handlers.go:41.2,41.35 1 0
github.com/hugomatheus/go-api/internal/infra/webserver/handlers/product_handlers.go:44.81,46.14 2 0
github.com/hugomatheus/go-api/internal/infra/webserver/handlers/product_handlers.go:46.14,49.3 2 0
github.com/hugomatheus/go-api/internal/infra/webserver/handlers/product_handlers.go:50.2,51.16 2 0
github.com/hugomatheus/go-api/internal/infra/webserver/handlers/product_handlers.go:51.16,54.3 2 0
github.com/hugomatheus/go-api/internal/infra/webserver/handlers/product_handlers.go:56.2,58.36 3 0
github.com/hugomatheus/go-api/internal/infra/webserver/handlers/product_handlers.go:61.80,63.14 2 0
github.com/hugomatheus/go-api/internal/infra/webserver/handlers/product_handlers.go:63.14,66.3 2 0
github.com/hugomatheus/go-api/internal/infra/webserver/handlers/product_handlers.go:68.2,70.16 3 0
github.com/hugomatheus/go-api/internal/infra/webserver/handlers/product_handlers.go:70.16,73.3 2 0
github.com/hugomatheus/go-api/internal/infra/webserver/handlers/product_handlers.go:75.2,76.16 2 0
github.com/hugomatheus/go-api/internal/infra/webserver/handlers/product_handlers.go:76.16,79.3 2 0
github.com/hugomatheus/go-api/internal/infra/webserver/handlers/product_handlers.go:81.2,82.16 2 0
github.com/hugomatheus/go-api/internal/infra/webserver/handlers/product_handlers.go:82.16,85.3 2 0
github.com/hugomatheus/go-api/internal/infra/webserver/handlers/product_handlers.go:87.2,88.16 2 0
github.com/hugomatheus/go-api/internal/infra/webserver/handlers/product_handlers.go:88.16,91.3 2 0
github.com/hugomatheus/go-api/internal/infra/webserver/handlers/product_handlers.go:93.2,93.30 1 0
github.com/hugomatheus/go-api/internal/infra/webserver/handlers/product_handlers.go:96.80,98.14 2 0
github.com/hugomatheus/go-api/internal/infra/webserver/handlers/product_handlers.go:98.14,101.3 2 0
github.com/hugomatheus/go-api/internal/infra/webserver/handlers/product_handlers.go:103.2,104.16 2 0
github.com/hugomatheus/go-api/internal/infra/webserver/handlers/product_handlers.go:104.16,107.3 2 0
github.com/hugomatheus/go-api/internal/infra/webserver/handlers/product_handlers.go:109.2,110.16 2 0
github.com/hugomatheus/go-api/internal/infra/webserver/handlers/product_handlers.go:110.16,113.3 2 0
github.com/hugomatheus/go-api/internal/infra/webserver/handlers/product_handlers.go:114.2,114.30 1 0
github.com/hugomatheus/go-api/internal/infra/webserver/handlers/product_handlers.go:117.81,123.16 5 0
github.com/hugomatheus/go-api/internal/infra/webserver/handlers/product_handlers.go:123.16,125.3 1 0
github.com/hugomatheus/go-api/internal/infra/webserver/handlers/product_handlers.go:127.2,128.16 2 0
github.com/hugomatheus/go-api/internal/infra/webserver/handlers/product_handlers.go:128.16,130.3 1 0
github.com/hugomatheus/go-api/internal/infra/webserver/handlers/product_handlers.go:132.2,133.16 2 0
github.com/hugomatheus/go-api/internal/infra/webserver/handlers/product_handlers.go:133.16,136.3 2 0
github.com/hugomatheus/go-api/internal/infra/webserver/handlers/product_handlers.go:138.2,140.37 3 0
github.com/hugomatheus/go-api/internal/entity/product.go:25.36,26.25 1 1
github.com/hugomatheus/go-api/internal/entity/product.go:26.25,28.3 1 0
github.com/hugomatheus/go-api/internal/entity/product.go:30.2,30.57 1 1
github.com/hugomatheus/go-api/internal/entity/product.go:30.57,32.3 1 0
github.com/hugomatheus/go-api/internal/entity/product.go:34.2,34.18 1 1
github.com/hugomatheus/go-api/internal/entity/product.go:34.18,36.3 1 1
github.com/hugomatheus/go-api/internal/entity/product.go:38.2,38.20 1 1
github.com/hugomatheus/go-api/internal/entity/product.go:38.20,40.3 1 1
github.com/hugomatheus/go-api/internal/entity/product.go:42.2,42.19 1 1
github.com/hugomatheus/go-api/internal/entity/product.go:42.19,44.3 1 1
github.com/hugomatheus/go-api/internal/entity/product.go:46.2,46.12 1 1
github.com/hugomatheus/go-api/internal/entity/product.go:49.63,58.16 3 1
github.com/hugomatheus/go-api/internal/entity/product.go:58.16,60.3 1 1
github.com/hugomatheus/go-api/internal/entity/product.go:62.2,62.21 1 1
github.com/hugomatheus/go-api/internal/entity/user.go:15.59,17.16 2 1
github.com/hugomatheus/go-api/internal/entity/user.go:17.16,19.3 1 0
github.com/hugomatheus/go-api/internal/entity/user.go:20.2,25.8 1 1
github.com/hugomatheus/go-api/internal/entity/user.go:28.55,31.2 2 1
github.com/hugomatheus/go-api/pkg/entity/id.go:7.17,9.2 1 1
github.com/hugomatheus/go-api/pkg/entity/id.go:11.37,14.2 2 1
github.com/hugomatheus/go-api/internal/infra/database/product_db.go:12.39,14.2 1 1
github.com/hugomatheus/go-api/internal/infra/database/product_db.go:16.57,18.2 1 1
github.com/hugomatheus/go-api/internal/infra/database/product_db.go:20.64,24.2 3 1
github.com/hugomatheus/go-api/internal/infra/database/product_db.go:31.89,37.16 5 1
github.com/hugomatheus/go-api/internal/infra/database/product_db.go:37.16,39.3 1 0
github.com/hugomatheus/go-api/internal/infra/database/product_db.go:41.2,41.51 1 1
github.com/hugomatheus/go-api/internal/infra/database/product_db.go:41.51,43.3 1 1
github.com/hugomatheus/go-api/internal/infra/database/product_db.go:45.2,45.29 1 1
github.com/hugomatheus/go-api/internal/infra/database/product_db.go:45.29,47.3 1 1
github.com/hugomatheus/go-api/internal/infra/database/product_db.go:47.8,49.3 1 1
github.com/hugomatheus/go-api/internal/infra/database/product_db.go:51.2,51.16 1 1
github.com/hugomatheus/go-api/internal/infra/database/product_db.go:51.16,53.3 1 0
github.com/hugomatheus/go-api/internal/infra/database/product_db.go:55.2,58.8 1 1
github.com/hugomatheus/go-api/internal/infra/database/product_db.go:61.57,63.16 2 1
github.com/hugomatheus/go-api/internal/infra/database/product_db.go:63.16,65.3 1 0
github.com/hugomatheus/go-api/internal/infra/database/product_db.go:67.2,67.33 1 1
github.com/hugomatheus/go-api/internal/infra/database/product_db.go:70.43,73.16 2 1
github.com/hugomatheus/go-api/internal/infra/database/product_db.go:73.16,75.3 1 0
github.com/hugomatheus/go-api/internal/infra/database/product_db.go:76.2,76.35 1 1
github.com/hugomatheus/go-api/internal/infra/database/user_db.go:12.33,14.2 1 1
github.com/hugomatheus/go-api/internal/infra/database/user_db.go:16.48,18.2 1 1
github.com/hugomatheus/go-api/internal/infra/database/user_db.go:20.64,22.74 2 1
github.com/hugomatheus/go-api/internal/infra/database/user_db.go:22.74,24.3 1 1
github.com/hugomatheus/go-api/internal/infra/database/user_db.go:25.2,25.19 1 1
github.com/hugomatheus/go-api/pkg/entity/id.go:7.17,9.2 1 1
github.com/hugomatheus/go-api/pkg/entity/id.go:11.37,14.2 2 1
