mode: set
github.com/hugomatheus/go-api/internal/entity/product.go:25.36,26.25 1 1
github.com/hugomatheus/go-api/internal/entity/product.go:26.25,28.3 1 0
github.com/hugomatheus/go-api/internal/entity/product.go:30.2,30.57 1 1
github.com/hugomatheus/go-api/internal/entity/product.go:30.57,32.3 1 0
github.com/hugomatheus/go-api/internal/entity/product.go:34.2,34.18 1 1
github.com/hugomatheus/go-api/internal/entity/product.go:34.18,36.3 1 1
github.com/hugomatheus/go-api/internal/entity/product.go:38.2,38.20 1 1
github.com/hugomatheus/go-api/internal/entity/product.go:38.20,40.3 1 1
github.com/hugomatheus/go-api/internal/entity/product.go:42.2,42.19 1 1
github.com/hugomatheus/go-api/internal/entity/product.go:42.19,44.3 1 1
github.com/hugomatheus/go-api/internal/entity/product.go:46.2,46.12 1 1
github.com/hugomatheus/go-api/internal/entity/product.go:49.63,58.16 3 1
github.com/hugomatheus/go-api/internal/entity/product.go:58.16,60.3 1 1
github.com/hugomatheus/go-api/internal/entity/product.go:62.2,62.21 1 1
github.com/hugomatheus/go-api/internal/entity/user.go:15.59,17.16 2 1
github.com/hugomatheus/go-api/internal/entity/user.go:17.16,19.3 1 0
github.com/hugomatheus/go-api/internal/entity/user.go:20.2,25.8 1 1
github.com/hugomatheus/go-api/internal/entity/user.go:28.55,31.2 2 1
github.com/hugomatheus/go-api/internal/infra/database/product_db.go:12.39,14.2 1 1
github.com/hugomatheus/go-api/internal/infra/database/product_db.go:16.57,18.2 1 1
github.com/hugomatheus/go-api/internal/infra/database/product_db.go:20.64,24.2 3 1
github.com/hugomatheus/go-api/internal/infra/database/product_db.go:26.83,30.51 3 1
github.com/hugomatheus/go-api/internal/infra/database/product_db.go:30.51,32.3 1 1
github.com/hugomatheus/go-api/internal/infra/database/product_db.go:33.2,33.29 1 1
github.com/hugomatheus/go-api/internal/infra/database/product_db.go:33.29,35.3 1 1
github.com/hugomatheus/go-api/internal/infra/database/product_db.go:35.8,37.3 1 1
github.com/hugomatheus/go-api/internal/infra/database/product_db.go:38.2,38.22 1 1
github.com/hugomatheus/go-api/internal/infra/database/product_db.go:41.57,43.16 2 1
github.com/hugomatheus/go-api/internal/infra/database/product_db.go:43.16,45.3 1 0
github.com/hugomatheus/go-api/internal/infra/database/product_db.go:47.2,47.33 1 1
github.com/hugomatheus/go-api/internal/infra/database/product_db.go:50.43,53.16 2 1
github.com/hugomatheus/go-api/internal/infra/database/product_db.go:53.16,55.3 1 0
github.com/hugomatheus/go-api/internal/infra/database/product_db.go:56.2,56.35 1 1
github.com/hugomatheus/go-api/internal/infra/database/user_db.go:12.33,14.2 1 1
github.com/hugomatheus/go-api/internal/infra/database/user_db.go:16.48,18.2 1 1
github.com/hugomatheus/go-api/internal/infra/database/user_db.go:20.64,22.74 2 1
github.com/hugomatheus/go-api/internal/infra/database/user_db.go:22.74,24.3 1 1
github.com/hugomatheus/go-api/internal/infra/database/user_db.go:25.2,25.19 1 1
